2026-01-23 17:06:53 - poisoning_experiment - INFO - ============================================================
2026-01-23 17:06:53 - poisoning_experiment - INFO - Starting Poisoning Attack Experiment
2026-01-23 17:06:53 - poisoning_experiment - INFO - ============================================================
2026-01-23 17:06:53 - poisoning_experiment - INFO - Loading dataset: hotpot_qa
2026-01-23 17:07:02 - poisoning_experiment - INFO - Initializing poisoning attack: poisonedrag
2026-01-23 17:07:02 - poisoning_experiment - INFO - Poisoning dataset (rate=0.05)...
2026-01-23 17:13:58 - poisoning_experiment - INFO - ============================================================
2026-01-23 17:13:58 - poisoning_experiment - INFO - Starting Poisoning Attack Experiment
2026-01-23 17:13:58 - poisoning_experiment - INFO - ============================================================
2026-01-23 17:13:58 - poisoning_experiment - INFO - Loading dataset: hotpot_qa
2026-01-23 17:14:00 - poisoning_experiment - INFO - Initializing poisoning attack: poisonedrag
2026-01-23 17:14:00 - poisoning_experiment - INFO - Poisoning dataset (rate=0.05)...
2026-01-23 17:14:00 - poisoning_experiment - INFO - Created 50 poisoned samples
2026-01-23 17:14:00 - poisoning_experiment - INFO - Building knowledge base...
2026-01-23 17:14:00 - poisoning_experiment - INFO - Knowledge base stats: {'total_documents': 1200, 'poisoned_documents': 250, 'clean_documents': 950, 'poison_rate': 0.20833333333333334}
2026-01-23 17:14:00 - poisoning_experiment - INFO - Initializing RAG components...
2026-01-23 17:17:30 - poisoning_experiment - INFO - ============================================================
2026-01-23 17:17:30 - poisoning_experiment - INFO - Starting Poisoning Attack Experiment
2026-01-23 17:17:30 - poisoning_experiment - INFO - ============================================================
2026-01-23 17:17:30 - poisoning_experiment - INFO - Loading dataset: hotpot_qa
2026-01-23 17:17:33 - poisoning_experiment - INFO - Initializing poisoning attack: poisonedrag
2026-01-23 17:17:33 - poisoning_experiment - INFO - Poisoning dataset (rate=0.05)...
2026-01-23 17:17:33 - poisoning_experiment - INFO - Created 50 poisoned samples
2026-01-23 17:17:33 - poisoning_experiment - INFO - Building knowledge base...
2026-01-23 17:17:33 - poisoning_experiment - INFO - Knowledge base stats: {'total_documents': 1200, 'poisoned_documents': 250, 'clean_documents': 950, 'poison_rate': 0.20833333333333334}
2026-01-23 17:17:33 - poisoning_experiment - INFO - Initializing RAG components...
2026-01-23 17:21:55 - poisoning_experiment - INFO - ============================================================
2026-01-23 17:21:55 - poisoning_experiment - INFO - Starting Poisoning Attack Experiment
2026-01-23 17:21:55 - poisoning_experiment - INFO - ============================================================
2026-01-23 17:21:55 - poisoning_experiment - INFO - Loading dataset: hotpot_qa
2026-01-23 17:21:58 - poisoning_experiment - INFO - Initializing poisoning attack: poisonedrag
2026-01-23 17:21:58 - poisoning_experiment - INFO - Poisoning dataset (rate=0.05)...
2026-01-23 17:21:58 - poisoning_experiment - INFO - Created 50 poisoned samples
2026-01-23 17:21:58 - poisoning_experiment - INFO - Building knowledge base...
2026-01-23 17:21:58 - poisoning_experiment - INFO - Knowledge base stats: {'total_documents': 1200, 'poisoned_documents': 250, 'clean_documents': 950, 'poison_rate': 0.20833333333333334}
2026-01-23 17:21:58 - poisoning_experiment - INFO - Initializing RAG components...
2026-01-23 17:25:56 - poisoning_experiment - INFO - ============================================================
2026-01-23 17:25:56 - poisoning_experiment - INFO - Starting Poisoning Attack Experiment
2026-01-23 17:25:56 - poisoning_experiment - INFO - ============================================================
2026-01-23 17:25:56 - poisoning_experiment - INFO - Loading dataset: hotpot_qa
2026-01-23 17:25:58 - poisoning_experiment - INFO - Initializing poisoning attack: poisonedrag
2026-01-23 17:25:58 - poisoning_experiment - INFO - Poisoning dataset (rate=0.05)...
2026-01-23 17:25:58 - poisoning_experiment - INFO - Created 50 poisoned samples
2026-01-23 17:25:58 - poisoning_experiment - INFO - Building knowledge base...
2026-01-23 17:25:58 - poisoning_experiment - INFO - Knowledge base stats: {'total_documents': 1200, 'poisoned_documents': 250, 'clean_documents': 950, 'poison_rate': 0.20833333333333334}
2026-01-23 17:25:58 - poisoning_experiment - INFO - Initializing RAG components...
2026-01-23 17:26:05 - poisoning_experiment - INFO - Building retriever index...
2026-01-23 17:26:12 - poisoning_experiment - INFO - Evaluating RAG under poisoning attack...
2026-01-23 17:30:07 - poisoning_experiment - INFO - ============================================================
2026-01-23 17:30:07 - poisoning_experiment - INFO - Starting Poisoning Attack Experiment
2026-01-23 17:30:07 - poisoning_experiment - INFO - ============================================================
2026-01-23 17:30:07 - poisoning_experiment - INFO - Loading dataset: hotpot_qa
2026-01-23 17:30:10 - poisoning_experiment - INFO - Initializing poisoning attack: poisonedrag
2026-01-23 17:30:10 - poisoning_experiment - INFO - Poisoning dataset (rate=0.05)...
2026-01-23 17:30:10 - poisoning_experiment - INFO - Created 50 poisoned samples
2026-01-23 17:30:10 - poisoning_experiment - INFO - Building knowledge base...
2026-01-23 17:30:10 - poisoning_experiment - INFO - Knowledge base stats: {'total_documents': 1200, 'poisoned_documents': 250, 'clean_documents': 950, 'poison_rate': 0.20833333333333334}
2026-01-23 17:30:10 - poisoning_experiment - INFO - Initializing RAG components...
2026-01-23 17:30:12 - poisoning_experiment - INFO - Building retriever index...
2026-01-23 17:30:19 - poisoning_experiment - INFO - Evaluating RAG under poisoning attack...
2026-01-23 17:33:57 - poisoning_experiment - INFO - Results saved to outputs/results/poisoning_hotpot_qa_poisonedrag.json
2026-01-23 17:33:57 - poisoning_experiment - INFO - Experiment completed!
2026-01-23 17:36:05 - poisoning_experiment - INFO - ============================================================
2026-01-23 17:36:05 - poisoning_experiment - INFO - Starting Poisoning Attack Experiment
2026-01-23 17:36:05 - poisoning_experiment - INFO - ============================================================
2026-01-23 17:36:05 - poisoning_experiment - INFO - Loading dataset: hotpot_qa
2026-01-23 17:36:08 - poisoning_experiment - INFO - Initializing poisoning attack: poisonedrag
2026-01-23 17:36:08 - poisoning_experiment - INFO - Poisoning dataset (rate=0.05)...
2026-01-23 17:36:08 - poisoning_experiment - INFO - Created 50 poisoned samples
2026-01-23 17:36:08 - poisoning_experiment - INFO - Building knowledge base...
2026-01-23 17:36:08 - poisoning_experiment - INFO - Knowledge base stats: {'total_documents': 1200, 'poisoned_documents': 250, 'clean_documents': 950, 'poison_rate': 0.20833333333333334}
2026-01-23 17:36:08 - poisoning_experiment - INFO - Initializing RAG components...
2026-01-23 17:36:11 - poisoning_experiment - INFO - Building retriever index...
2026-01-23 17:36:17 - poisoning_experiment - INFO - Evaluating RAG under poisoning attack...
2026-01-23 17:39:50 - poisoning_experiment - INFO - Results saved to outputs/results/poisoning_hotpot_qa_poisonedrag.json
2026-01-23 17:39:50 - poisoning_experiment - INFO - Experiment completed!
2026-01-23 17:45:26 - poisoning_experiment - INFO - ============================================================
2026-01-23 17:45:26 - poisoning_experiment - INFO - Starting Poisoning Attack Experiment
2026-01-23 17:45:26 - poisoning_experiment - INFO - ============================================================
2026-01-23 17:45:26 - poisoning_experiment - INFO - Loading dataset: hotpot_qa
2026-01-23 17:45:29 - poisoning_experiment - INFO - Initializing poisoning attack: poisonedrag
2026-01-23 17:45:29 - poisoning_experiment - INFO - Poisoning dataset (rate=0.05)...
2026-01-23 17:45:29 - poisoning_experiment - INFO - Created 50 poisoned samples
2026-01-23 17:45:29 - poisoning_experiment - INFO - Building knowledge base...
2026-01-23 17:45:29 - poisoning_experiment - INFO - Knowledge base stats: {'total_documents': 1200, 'poisoned_documents': 250, 'clean_documents': 950, 'poison_rate': 0.20833333333333334}
2026-01-23 17:45:29 - poisoning_experiment - INFO - Initializing RAG components...
2026-01-23 17:45:32 - poisoning_experiment - INFO - Building retriever index...
2026-01-23 17:45:38 - poisoning_experiment - INFO - Evaluating RAG under poisoning attack...
2026-01-23 17:47:11 - poisoning_experiment - INFO - ============================================================
2026-01-23 17:47:11 - poisoning_experiment - INFO - Starting Poisoning Attack Experiment
2026-01-23 17:47:11 - poisoning_experiment - INFO - ============================================================
2026-01-23 17:47:11 - poisoning_experiment - INFO - Loading dataset: natural_questions
